2025-04-28 23:24:40,665 - __main__ - INFO - Persona inicializada
2025-04-28 23:24:40,665 - __main__ - INFO - Alma inicializada
2025-04-28 23:24:40,668 - __main__ - INFO - Executando ciclo de reflexão
2025-04-28 23:24:40,812 - werkzeug - INFO - [31m[1mWARNING: This is a development server. Do not use it in a production deployment. Use a production WSGI server instead.[0m
 * Running on http://127.0.0.1:5000
2025-04-28 23:24:40,812 - werkzeug - INFO - [33mPress CTRL+C to quit[0m
2025-04-28 23:24:40,814 - werkzeug - INFO -  * Restarting with stat
2025-04-28 23:24:41,255 - __main__ - INFO - Persona inicializada
2025-04-28 23:24:41,256 - __main__ - INFO - Alma inicializada
2025-04-28 23:24:41,258 - __main__ - INFO - Executando ciclo de reflexão
2025-04-28 23:24:41,283 - werkzeug - WARNING -  * Debugger is active!
2025-04-28 23:24:41,289 - werkzeug - INFO -  * Debugger PIN: 581-397-567
2025-04-28 23:25:40,675 - __main__ - INFO - Executando ciclo de reflexão
2025-04-28 23:25:41,269 - __main__ - INFO - Executando ciclo de reflexão
2025-04-28 23:26:40,682 - __main__ - INFO - Executando ciclo de reflexão
2025-04-28 23:26:41,278 - __main__ - INFO - Executando ciclo de reflexão
2025-04-28 23:27:40,690 - __main__ - INFO - Executando ciclo de reflexão
2025-04-28 23:27:41,283 - __main__ - INFO - Executando ciclo de reflexão
2025-04-28 23:28:40,691 - __main__ - INFO - Executando ciclo de reflexão
2025-04-28 23:28:41,297 - __main__ - INFO - Executando ciclo de reflexão
2025-04-28 23:28:43,765 - werkzeug - INFO - 127.0.0.1 - - [28/Apr/2025 23:28:43] "GET /api/status HTTP/1.1" 200 -
2025-04-28 23:28:49,656 - werkzeug - INFO - 127.0.0.1 - - [28/Apr/2025 23:28:49] "[31m[1mPOST /api/memorias HTTP/1.1[0m" 400 -
2025-04-28 23:28:55,223 - __main__ - INFO - Memórias salvas com sucesso
2025-04-28 23:28:55,224 - __main__ - INFO - Memória adicionada: ID 1
2025-04-28 23:28:55,224 - werkzeug - INFO - 127.0.0.1 - - [28/Apr/2025 23:28:55] "POST /api/memorias HTTP/1.1" 200 -
2025-04-28 23:28:59,454 - werkzeug - INFO - 127.0.0.1 - - [28/Apr/2025 23:28:59] "GET /api/memorias HTTP/1.1" 200 -
2025-04-28 23:29:03,531 - werkzeug - INFO - 127.0.0.1 - - [28/Apr/2025 23:29:03] "GET /api/status HTTP/1.1" 200 -
2025-04-28 23:29:07,915 - __main__ - INFO - Memórias salvas com sucesso
2025-04-28 23:29:07,916 - __main__ - INFO - Memória adicionada: ID 2
2025-04-28 23:29:07,916 - werkzeug - INFO - 127.0.0.1 - - [28/Apr/2025 23:29:07] "POST /api/memorias HTTP/1.1" 200 -
2025-04-28 23:29:11,957 - __main__ - INFO - Memórias salvas com sucesso
2025-04-28 23:29:11,957 - __main__ - INFO - Memória adicionada: ID 3
2025-04-28 23:29:11,958 - werkzeug - INFO - 127.0.0.1 - - [28/Apr/2025 23:29:11] "POST /api/memorias HTTP/1.1" 200 -
2025-04-28 23:29:16,050 - werkzeug - INFO - 127.0.0.1 - - [28/Apr/2025 23:29:16] "GET /api/memorias/buscar?termo=reflexao HTTP/1.1" 200 -
2025-04-28 23:29:21,134 - werkzeug - INFO - 127.0.0.1 - - [28/Apr/2025 23:29:21] "GET /api/memorias HTTP/1.1" 200 -
2025-04-28 23:29:27,310 - werkzeug - INFO - 127.0.0.1 - - [28/Apr/2025 23:29:27] "GET /api/memorias/buscar?termo=reflexao HTTP/1.1" 200 -
2025-04-28 23:29:31,752 - __main__ - INFO - Executando ciclo de reflexão
2025-04-28 23:29:31,753 - __main__ - INFO - Memória 1 processada
2025-04-28 23:29:31,753 - __main__ - INFO - Memória 2 processada
2025-04-28 23:29:31,754 - __main__ - INFO - Memória 3 processada
2025-04-28 23:29:31,755 - __main__ - INFO - Memórias salvas com sucesso
2025-04-28 23:29:31,756 - werkzeug - INFO - 127.0.0.1 - - [28/Apr/2025 23:29:31] "POST /api/reflexao HTTP/1.1" 200 -
2025-04-28 23:29:40,675 - werkzeug - INFO - 127.0.0.1 - - [28/Apr/2025 23:29:40] "GET /api/status HTTP/1.1" 200 -
2025-04-28 23:29:40,691 - __main__ - INFO - Executando ciclo de reflexão
2025-04-28 23:29:41,307 - __main__ - INFO - Executando ciclo de reflexão
2025-04-28 23:29:44,868 - werkzeug - INFO - 127.0.0.1 - - [28/Apr/2025 23:29:44] "POST /api/comando HTTP/1.1" 200 -
2025-04-28 23:29:53,807 - werkzeug - INFO - 127.0.0.1 - - [28/Apr/2025 23:29:53] "POST /api/comando HTTP/1.1" 200 -
2025-04-28 23:30:40,695 - __main__ - INFO - Executando ciclo de reflexão
2025-04-28 23:30:41,314 - __main__ - INFO - Executando ciclo de reflexão
2025-04-28 23:31:40,701 - __main__ - INFO - Executando ciclo de reflexão
2025-04-28 23:31:41,323 - __main__ - INFO - Executando ciclo de reflexão
2025-04-30 20:51:26,988 - app - INFO - Ambiente configurado com sucesso
2025-04-30 20:51:26,989 - app - INFO - Carregadas 3 memórias
2025-04-30 20:51:26,990 - app - INFO - Persona inicializada
2025-04-30 20:51:26,991 - app - INFO - Memórias salvas com sucesso
2025-04-30 20:51:26,991 - app - INFO - Memória adicionada: ID 4
2025-04-30 20:51:26,992 - app - INFO - Memórias salvas com sucesso
2025-04-30 20:51:26,992 - app - INFO - Memória adicionada: ID 5
2025-04-30 20:52:10,678 - app - INFO - Ambiente configurado com sucesso
2025-04-30 20:52:10,679 - app - INFO - Persona inicializada
2025-04-30 20:52:10,680 - app - INFO - Memórias salvas com sucesso
2025-04-30 20:52:10,680 - app - INFO - Memória adicionada: ID 1
2025-04-30 20:52:10,681 - app - INFO - Memórias salvas com sucesso
2025-04-30 20:52:10,681 - app - INFO - Memória adicionada: ID 2
2025-04-30 20:52:10,682 - app - INFO - Persona inicializada
2025-04-30 20:52:10,683 - app - INFO - Alma inicializada
2025-04-30 20:52:10,684 - app - INFO - Memórias salvas com sucesso
2025-04-30 20:52:10,684 - app - INFO - Memória adicionada: ID 1
2025-04-30 20:52:10,685 - app - INFO - Memórias salvas com sucesso
2025-04-30 20:52:10,685 - app - INFO - Memória adicionada: ID 2
2025-04-30 20:52:10,686 - app - INFO - Executando ciclo de reflexão
2025-04-30 20:52:10,686 - app - INFO - Memória 1 processada
2025-04-30 20:52:10,687 - app - INFO - Memória 2 processada
2025-04-30 20:52:10,688 - app - INFO - Memórias salvas com sucesso
2025-04-30 20:52:10,689 - app - INFO - Executando ciclo de reflexão
2025-04-30 20:52:11,691 - app - INFO - Executando ciclo de reflexão
2025-04-30 20:52:12,698 - app - INFO - Persona inicializada
2025-04-30 20:52:12,699 - app - INFO - Alma inicializada
2025-04-30 20:52:12,700 - app - INFO - Memórias salvas com sucesso
2025-04-30 20:52:12,701 - app - INFO - Memória adicionada: ID 1
2025-04-30 20:52:12,701 - app - INFO - Executando ciclo de reflexão
2025-04-30 20:52:12,702 - app - INFO - Memória 1 processada
2025-04-30 20:52:12,704 - app - INFO - Memórias salvas com sucesso
2025-04-30 20:52:20,624 - __main__ - INFO - Carregadas 1 memórias
2025-04-30 20:52:20,625 - __main__ - INFO - Persona inicializada
2025-04-30 20:52:20,625 - __main__ - INFO - Alma inicializada
2025-04-30 20:52:20,629 - __main__ - INFO - Executando ciclo de reflexão
2025-04-30 20:52:20,911 - werkzeug - INFO - [31m[1mWARNING: This is a development server. Do not use it in a production deployment. Use a production WSGI server instead.[0m
 * Running on http://127.0.0.1:5000
2025-04-30 20:52:20,911 - werkzeug - INFO - [33mPress CTRL+C to quit[0m
2025-04-30 20:52:20,937 - werkzeug - INFO -  * Restarting with stat
2025-04-30 20:52:21,421 - __main__ - INFO - Carregadas 1 memórias
2025-04-30 20:52:21,422 - __main__ - INFO - Persona inicializada
2025-04-30 20:52:21,422 - __main__ - INFO - Alma inicializada
2025-04-30 20:52:21,425 - __main__ - INFO - Executando ciclo de reflexão
2025-04-30 20:52:21,455 - werkzeug - WARNING -  * Debugger is active!
2025-04-30 20:52:21,460 - werkzeug - INFO -  * Debugger PIN: 568-867-801
2025-04-30 20:52:33,455 - __main__ - INFO - Memórias salvas com sucesso
2025-04-30 20:52:33,456 - __main__ - INFO - Memória adicionada: ID 2
2025-04-30 20:52:33,456 - werkzeug - INFO - 127.0.0.1 - - [30/Apr/2025 20:52:33] "POST /api/memorias HTTP/1.1" 200 -
2025-04-30 20:52:40,948 - werkzeug - INFO - 127.0.0.1 - - [30/Apr/2025 20:52:40] "GET /api/memorias HTTP/1.1" 200 -
2025-04-30 20:52:44,183 - werkzeug - INFO - 127.0.0.1 - - [30/Apr/2025 20:52:44] "GET /api/memorias/buscar?termo=Teste HTTP/1.1" 200 -
2025-04-30 20:52:51,327 - werkzeug - INFO - 127.0.0.1 - - [30/Apr/2025 20:52:51] "GET /api/status HTTP/1.1" 200 -
2025-04-30 20:52:53,921 - __main__ - INFO - Executando ciclo de reflexão
2025-04-30 20:52:53,921 - __main__ - INFO - Memória 2 processada
2025-04-30 20:52:53,922 - __main__ - INFO - Memórias salvas com sucesso
2025-04-30 20:52:53,924 - werkzeug - INFO - 127.0.0.1 - - [30/Apr/2025 20:52:53] "POST /api/reflexao HTTP/1.1" 200 -
2025-04-30 20:53:20,640 - __main__ - INFO - Executando ciclo de reflexão
2025-04-30 20:53:21,429 - __main__ - INFO - Executando ciclo de reflexão
2025-04-30 20:54:20,650 - __main__ - INFO - Executando ciclo de reflexão
2025-04-30 20:54:21,444 - __main__ - INFO - Executando ciclo de reflexão
2025-04-30 20:55:20,666 - __main__ - INFO - Executando ciclo de reflexão
2025-04-30 20:55:21,446 - __main__ - INFO - Executando ciclo de reflexão
2025-04-30 20:56:20,671 - __main__ - INFO - Executando ciclo de reflexão
2025-04-30 20:56:21,448 - __main__ - INFO - Executando ciclo de reflexão
2025-04-30 20:57:20,673 - __main__ - INFO - Executando ciclo de reflexão
2025-04-30 20:57:21,451 - __main__ - INFO - Executando ciclo de reflexão
2025-04-30 20:58:20,686 - __main__ - INFO - Executando ciclo de reflexão
2025-04-30 20:58:21,463 - __main__ - INFO - Executando ciclo de reflexão
2025-04-30 20:59:20,696 - __main__ - INFO - Executando ciclo de reflexão
2025-04-30 20:59:21,471 - __main__ - INFO - Executando ciclo de reflexão
2025-04-30 21:00:20,698 - __main__ - INFO - Executando ciclo de reflexão
2025-04-30 21:00:21,477 - __main__ - INFO - Executando ciclo de reflexão
2025-04-30 21:01:20,707 - __main__ - INFO - Executando ciclo de reflexão
2025-04-30 21:01:21,483 - __main__ - INFO - Executando ciclo de reflexão
2025-04-30 21:02:20,713 - __main__ - INFO - Executando ciclo de reflexão
2025-04-30 21:02:21,492 - __main__ - INFO - Executando ciclo de reflexão
2025-04-30 21:03:20,723 - __main__ - INFO - Executando ciclo de reflexão
2025-04-30 21:03:21,504 - __main__ - INFO - Executando ciclo de reflexão
2025-04-30 21:04:20,728 - __main__ - INFO - Executando ciclo de reflexão
2025-04-30 21:04:21,511 - __main__ - INFO - Executando ciclo de reflexão
2025-04-30 21:05:20,741 - __main__ - INFO - Executando ciclo de reflexão
2025-04-30 21:05:21,516 - __main__ - INFO - Executando ciclo de reflexão
2025-04-30 21:06:20,742 - __main__ - INFO - Executando ciclo de reflexão
2025-04-30 21:06:21,519 - __main__ - INFO - Executando ciclo de reflexão
2025-04-30 21:07:20,744 - __main__ - INFO - Executando ciclo de reflexão
2025-04-30 21:07:21,522 - __main__ - INFO - Executando ciclo de reflexão
2025-04-30 21:08:20,759 - __main__ - INFO - Executando ciclo de reflexão
2025-04-30 21:08:21,536 - __main__ - INFO - Executando ciclo de reflexão
2025-04-30 21:09:20,761 - __main__ - INFO - Executando ciclo de reflexão
2025-04-30 21:09:21,541 - __main__ - INFO - Executando ciclo de reflexão
2025-04-30 21:10:20,772 - __main__ - INFO - Executando ciclo de reflexão
2025-04-30 21:10:21,548 - __main__ - INFO - Executando ciclo de reflexão
2025-04-30 21:11:20,777 - __main__ - INFO - Executando ciclo de reflexão
2025-04-30 21:11:21,557 - __main__ - INFO - Executando ciclo de reflexão
2025-04-30 21:12:20,791 - __main__ - INFO - Executando ciclo de reflexão
2025-04-30 21:12:21,565 - __main__ - INFO - Executando ciclo de reflexão
2025-04-30 21:13:20,797 - __main__ - INFO - Executando ciclo de reflexão
2025-04-30 21:13:21,574 - __main__ - INFO - Executando ciclo de reflexão
2025-04-30 21:14:20,799 - __main__ - INFO - Executando ciclo de reflexão
2025-04-30 21:14:21,578 - __main__ - INFO - Executando ciclo de reflexão
2025-04-30 21:15:20,804 - __main__ - INFO - Executando ciclo de reflexão
2025-04-30 21:15:21,584 - __main__ - INFO - Executando ciclo de reflexão
2025-04-30 21:16:20,818 - __main__ - INFO - Executando ciclo de reflexão
2025-04-30 21:16:21,596 - __main__ - INFO - Executando ciclo de reflexão
2025-04-30 21:17:20,827 - __main__ - INFO - Executando ciclo de reflexão
2025-04-30 21:17:21,606 - __main__ - INFO - Executando ciclo de reflexão
2025-04-30 21:18:20,836 - __main__ - INFO - Executando ciclo de reflexão
2025-04-30 21:18:21,616 - __main__ - INFO - Executando ciclo de reflexão
2025-04-30 21:19:20,839 - __main__ - INFO - Executando ciclo de reflexão
2025-04-30 21:19:21,630 - __main__ - INFO - Executando ciclo de reflexão
2025-04-30 21:20:20,848 - __main__ - INFO - Executando ciclo de reflexão
2025-04-30 21:20:21,641 - __main__ - INFO - Executando ciclo de reflexão
2025-04-30 21:21:20,856 - __main__ - INFO - Executando ciclo de reflexão
2025-04-30 21:21:21,649 - __main__ - INFO - Executando ciclo de reflexão
2025-04-30 21:22:20,870 - __main__ - INFO - Executando ciclo de reflexão
2025-04-30 21:22:21,651 - __main__ - INFO - Executando ciclo de reflexão
2025-04-30 21:23:20,872 - __main__ - INFO - Executando ciclo de reflexão
2025-04-30 21:23:21,666 - __main__ - INFO - Executando ciclo de reflexão
2025-04-30 21:24:20,884 - __main__ - INFO - Executando ciclo de reflexão
2025-04-30 21:24:21,680 - __main__ - INFO - Executando ciclo de reflexão
2025-04-30 21:24:49,871 - __main__ - INFO - Carregadas 2 memórias
2025-04-30 21:24:49,872 - __main__ - INFO - Persona inicializada
2025-04-30 21:24:49,872 - __main__ - INFO - Alma inicializada
2025-04-30 21:24:49,875 - __main__ - INFO - Executando ciclo de reflexão
2025-04-30 21:24:49,919 - werkzeug - INFO - [31m[1mWARNING: This is a development server. Do not use it in a production deployment. Use a production WSGI server instead.[0m
 * Running on http://127.0.0.1:5000
2025-04-30 21:24:49,920 - werkzeug - INFO - [33mPress CTRL+C to quit[0m
2025-04-30 21:24:49,922 - werkzeug - INFO -  * Restarting with stat
2025-04-30 21:24:50,335 - __main__ - INFO - Carregadas 2 memórias
2025-04-30 21:24:50,336 - __main__ - INFO - Persona inicializada
2025-04-30 21:24:50,336 - __main__ - INFO - Alma inicializada
2025-04-30 21:24:50,339 - __main__ - INFO - Executando ciclo de reflexão
2025-04-30 21:24:50,364 - werkzeug - WARNING -  * Debugger is active!
2025-04-30 21:24:50,368 - werkzeug - INFO -  * Debugger PIN: 568-867-801
2025-04-30 21:25:20,895 - __main__ - INFO - Executando ciclo de reflexão
2025-04-30 21:25:21,695 - __main__ - INFO - Executando ciclo de reflexão
2025-04-30 21:26:01,382 - app - INFO - Ambiente configurado com sucesso
2025-04-30 21:26:01,384 - app - INFO - Persona inicializada
2025-04-30 21:26:01,386 - app - INFO - Memórias salvas com sucesso
2025-04-30 21:26:01,387 - app - INFO - Memória adicionada: ID 1
2025-04-30 21:26:01,388 - app - INFO - Memórias salvas com sucesso
2025-04-30 21:26:01,389 - app - INFO - Memória adicionada: ID 2
2025-04-30 21:26:01,404 - app - INFO - Carregadas 2 memórias
2025-04-30 21:26:01,404 - app - INFO - Persona inicializada
2025-04-30 21:26:01,405 - app - INFO - Alma inicializada
2025-04-30 21:26:01,405 - app - INFO - Executando ciclo de reflexão
2025-04-30 21:26:01,405 - app - INFO - Memória 1 processada
2025-04-30 21:26:01,406 - app - INFO - Memória 2 processada
2025-04-30 21:26:01,406 - app - INFO - Memórias salvas com sucesso
2025-04-30 21:26:01,407 - app - INFO - Executando ciclo de reflexão
2025-04-30 21:26:01,962 - __main__ - INFO - Carregadas 2 memórias
2025-04-30 21:26:01,962 - __main__ - INFO - Persona inicializada
2025-04-30 21:26:01,962 - __main__ - INFO - Alma inicializada
2025-04-30 21:26:01,965 - __main__ - INFO - Executando ciclo de reflexão
2025-04-30 21:26:02,006 - werkzeug - INFO - [31m[1mWARNING: This is a development server. Do not use it in a production deployment. Use a production WSGI server instead.[0m
 * Running on http://127.0.0.1:5000
2025-04-30 21:26:02,007 - werkzeug - INFO - [33mPress CTRL+C to quit[0m
2025-04-30 21:26:02,009 - werkzeug - INFO -  * Restarting with stat
2025-04-30 21:26:02,418 - app - INFO - Executando ciclo de reflexão
2025-04-30 21:26:02,455 - __main__ - INFO - Carregadas 2 memórias
2025-04-30 21:26:02,455 - __main__ - INFO - Persona inicializada
2025-04-30 21:26:02,456 - __main__ - INFO - Alma inicializada
2025-04-30 21:26:02,458 - __main__ - INFO - Executando ciclo de reflexão
2025-04-30 21:26:02,483 - werkzeug - WARNING -  * Debugger is active!
2025-04-30 21:26:02,488 - werkzeug - INFO -  * Debugger PIN: 568-867-801
2025-04-30 21:26:03,414 - app - INFO - Carregadas 2 memórias
2025-04-30 21:26:03,414 - app - INFO - Persona inicializada
2025-04-30 21:26:03,414 - app - INFO - Alma inicializada
2025-04-30 21:26:03,417 - app - INFO - Memórias salvas com sucesso
2025-04-30 21:26:03,418 - app - INFO - Memória adicionada: ID 3
2025-04-30 21:26:03,422 - app - INFO - Executando ciclo de reflexão
2025-04-30 21:26:03,422 - app - INFO - Memória 3 processada
2025-04-30 21:26:03,423 - app - INFO - Memórias salvas com sucesso
2025-04-30 21:26:06,827 - werkzeug - INFO - 127.0.0.1 - - [30/Apr/2025 21:26:06] "GET / HTTP/1.1" 200 -
2025-04-30 21:26:08,856 - __main__ - INFO - Memórias salvas com sucesso
2025-04-30 21:26:08,857 - __main__ - INFO - Memória adicionada: ID 3
2025-04-30 21:26:08,857 - werkzeug - INFO - 127.0.0.1 - - [30/Apr/2025 21:26:08] "POST /api/memorias HTTP/1.1" 200 -
2025-04-30 21:26:10,912 - werkzeug - INFO - 127.0.0.1 - - [30/Apr/2025 21:26:10] "GET /api/memorias HTTP/1.1" 200 -
2025-04-30 21:26:12,946 - werkzeug - INFO - 127.0.0.1 - - [30/Apr/2025 21:26:12] "GET /api/memorias/buscar?termo=Teste HTTP/1.1" 200 -
2025-04-30 21:26:14,995 - werkzeug - INFO - 127.0.0.1 - - [30/Apr/2025 21:26:14] "GET /api/status HTTP/1.1" 200 -
2025-04-30 21:26:17,042 - __main__ - INFO - Executando ciclo de reflexão
2025-04-30 21:26:17,043 - __main__ - INFO - Memória 3 processada
2025-04-30 21:26:17,045 - __main__ - INFO - Memórias salvas com sucesso
2025-04-30 21:26:17,047 - werkzeug - INFO - 127.0.0.1 - - [30/Apr/2025 21:26:17] "POST /api/reflexao HTTP/1.1" 200 -
2025-04-30 21:27:01,971 - __main__ - INFO - Executando ciclo de reflexão
2025-04-30 21:27:02,468 - __main__ - INFO - Executando ciclo de reflexão
2025-04-30 21:28:01,987 - __main__ - INFO - Executando ciclo de reflexão
2025-04-30 21:28:02,482 - __main__ - INFO - Executando ciclo de reflexão
2025-04-30 21:29:01,994 - __main__ - INFO - Executando ciclo de reflexão
2025-04-30 21:29:02,490 - __main__ - INFO - Executando ciclo de reflexão
2025-04-30 21:30:02,003 - __main__ - INFO - Executando ciclo de reflexão
2025-04-30 21:30:02,501 - __main__ - INFO - Executando ciclo de reflexão
2025-04-30 21:31:02,009 - __main__ - INFO - Executando ciclo de reflexão
2025-04-30 21:31:02,507 - __main__ - INFO - Executando ciclo de reflexão
2025-04-30 21:32:02,018 - __main__ - INFO - Executando ciclo de reflexão
2025-04-30 21:32:02,516 - __main__ - INFO - Executando ciclo de reflexão
2025-04-30 21:33:02,025 - __main__ - INFO - Executando ciclo de reflexão
2025-04-30 21:33:02,519 - __main__ - INFO - Executando ciclo de reflexão
2025-04-30 21:34:02,036 - __main__ - INFO - Executando ciclo de reflexão
2025-04-30 21:34:02,532 - __main__ - INFO - Executando ciclo de reflexão
2025-04-30 21:35:02,040 - __main__ - INFO - Executando ciclo de reflexão
2025-04-30 21:35:02,540 - __main__ - INFO - Executando ciclo de reflexão
2025-04-30 21:36:02,052 - __main__ - INFO - Executando ciclo de reflexão
2025-04-30 21:36:02,546 - __main__ - INFO - Executando ciclo de reflexão
2025-04-30 21:37:02,053 - __main__ - INFO - Executando ciclo de reflexão
2025-04-30 21:37:02,547 - __main__ - INFO - Executando ciclo de reflexão
2025-04-30 21:38:02,068 - __main__ - INFO - Executando ciclo de reflexão
2025-04-30 21:38:02,550 - __main__ - INFO - Executando ciclo de reflexão
2025-04-30 21:39:02,069 - __main__ - INFO - Executando ciclo de reflexão
2025-04-30 21:39:02,552 - __main__ - INFO - Executando ciclo de reflexão
2025-04-30 21:40:02,070 - __main__ - INFO - Executando ciclo de reflexão
2025-04-30 21:40:02,553 - __main__ - INFO - Executando ciclo de reflexão
2025-04-30 21:41:02,077 - __main__ - INFO - Executando ciclo de reflexão
2025-04-30 21:41:02,560 - __main__ - INFO - Executando ciclo de reflexão
2025-04-30 21:42:02,085 - __main__ - INFO - Executando ciclo de reflexão
2025-04-30 21:42:02,565 - __main__ - INFO - Executando ciclo de reflexão
2025-04-30 21:43:02,092 - __main__ - INFO - Executando ciclo de reflexão
2025-04-30 21:43:02,571 - __main__ - INFO - Executando ciclo de reflexão
2025-04-30 21:44:02,103 - __main__ - INFO - Executando ciclo de reflexão
2025-04-30 21:44:02,585 - __main__ - INFO - Executando ciclo de reflexão
2025-04-30 21:45:02,104 - __main__ - INFO - Executando ciclo de reflexão
2025-04-30 21:45:02,587 - __main__ - INFO - Executando ciclo de reflexão
2025-04-30 21:46:02,111 - __main__ - INFO - Executando ciclo de reflexão
2025-04-30 21:46:02,592 - __main__ - INFO - Executando ciclo de reflexão
2025-04-30 21:47:02,112 - __main__ - INFO - Executando ciclo de reflexão
2025-04-30 21:47:02,594 - __main__ - INFO - Executando ciclo de reflexão
2025-04-30 21:48:02,113 - __main__ - INFO - Executando ciclo de reflexão
2025-04-30 21:48:02,610 - __main__ - INFO - Executando ciclo de reflexão
2025-04-30 21:49:02,124 - __main__ - INFO - Executando ciclo de reflexão
2025-04-30 21:49:02,622 - __main__ - INFO - Executando ciclo de reflexão
2025-04-30 21:50:02,132 - __main__ - INFO - Executando ciclo de reflexão
2025-04-30 21:50:02,627 - __main__ - INFO - Executando ciclo de reflexão
2025-04-30 21:51:02,146 - __main__ - INFO - Executando ciclo de reflexão
2025-04-30 21:51:02,643 - __main__ - INFO - Executando ciclo de reflexão
2025-04-30 21:52:02,152 - __main__ - INFO - Executando ciclo de reflexão
2025-04-30 21:52:02,646 - __main__ - INFO - Executando ciclo de reflexão
2025-04-30 21:53:02,154 - __main__ - INFO - Executando ciclo de reflexão
2025-04-30 21:53:02,651 - __main__ - INFO - Executando ciclo de reflexão
2025-04-30 21:54:02,161 - __main__ - INFO - Executando ciclo de reflexão
2025-04-30 21:54:02,666 - __main__ - INFO - Executando ciclo de reflexão
2025-04-30 21:55:02,177 - __main__ - INFO - Executando ciclo de reflexão
2025-04-30 21:55:02,674 - __main__ - INFO - Executando ciclo de reflexão
2025-04-30 21:56:02,180 - __main__ - INFO - Executando ciclo de reflexão
2025-04-30 21:56:02,689 - __main__ - INFO - Executando ciclo de reflexão
2025-04-30 21:57:02,187 - __main__ - INFO - Executando ciclo de reflexão
2025-04-30 21:57:02,700 - __main__ - INFO - Executando ciclo de reflexão
2025-04-30 21:58:02,201 - __main__ - INFO - Executando ciclo de reflexão
2025-04-30 21:58:02,716 - __main__ - INFO - Executando ciclo de reflexão
2025-04-30 21:59:02,215 - __main__ - INFO - Executando ciclo de reflexão
2025-04-30 21:59:02,730 - __main__ - INFO - Executando ciclo de reflexão
2025-04-30 22:00:02,218 - __main__ - INFO - Executando ciclo de reflexão
2025-04-30 22:00:02,743 - __main__ - INFO - Executando ciclo de reflexão
2025-04-30 22:01:02,225 - __main__ - INFO - Executando ciclo de reflexão
2025-04-30 22:01:02,754 - __main__ - INFO - Executando ciclo de reflexão
2025-04-30 22:02:02,226 - __main__ - INFO - Executando ciclo de reflexão
2025-04-30 22:02:02,769 - __main__ - INFO - Executando ciclo de reflexão
2025-04-30 22:03:02,229 - __main__ - INFO - Executando ciclo de reflexão
2025-04-30 22:03:02,773 - __main__ - INFO - Executando ciclo de reflexão
2025-04-30 22:04:02,240 - __main__ - INFO - Executando ciclo de reflexão
2025-04-30 22:04:02,785 - __main__ - INFO - Executando ciclo de reflexão
2025-04-30 22:05:02,254 - __main__ - INFO - Executando ciclo de reflexão
2025-04-30 22:05:02,796 - __main__ - INFO - Executando ciclo de reflexão
2025-04-30 22:06:02,260 - __main__ - INFO - Executando ciclo de reflexão
2025-04-30 22:06:02,803 - __main__ - INFO - Executando ciclo de reflexão
2025-04-30 22:07:02,265 - __main__ - INFO - Executando ciclo de reflexão
2025-04-30 22:07:02,810 - __main__ - INFO - Executando ciclo de reflexão
2025-04-30 22:08:02,279 - __main__ - INFO - Executando ciclo de reflexão
2025-04-30 22:08:02,818 - __main__ - INFO - Executando ciclo de reflexão
2025-04-30 22:09:02,288 - __main__ - INFO - Executando ciclo de reflexão
2025-04-30 22:09:02,832 - __main__ - INFO - Executando ciclo de reflexão
2025-04-30 22:10:02,290 - __main__ - INFO - Executando ciclo de reflexão
2025-04-30 22:10:02,834 - __main__ - INFO - Executando ciclo de reflexão
2025-04-30 22:11:02,306 - __main__ - INFO - Executando ciclo de reflexão
2025-04-30 22:11:02,849 - __main__ - INFO - Executando ciclo de reflexão
2025-04-30 22:12:02,310 - __main__ - INFO - Executando ciclo de reflexão
2025-04-30 22:12:02,854 - __main__ - INFO - Executando ciclo de reflexão
2025-04-30 22:13:02,322 - __main__ - INFO - Executando ciclo de reflexão
2025-04-30 22:13:02,864 - __main__ - INFO - Executando ciclo de reflexão
2025-04-30 22:14:02,331 - __main__ - INFO - Executando ciclo de reflexão
2025-04-30 22:14:02,875 - __main__ - INFO - Executando ciclo de reflexão
2025-04-30 22:15:02,340 - __main__ - INFO - Executando ciclo de reflexão
2025-04-30 22:15:02,885 - __main__ - INFO - Executando ciclo de reflexão
2025-04-30 22:16:02,356 - __main__ - INFO - Executando ciclo de reflexão
2025-04-30 22:16:02,902 - __main__ - INFO - Executando ciclo de reflexão
2025-04-30 22:17:02,371 - __main__ - INFO - Executando ciclo de reflexão
2025-04-30 22:17:02,917 - __main__ - INFO - Executando ciclo de reflexão
2025-04-30 22:18:02,377 - __main__ - INFO - Executando ciclo de reflexão
2025-04-30 22:18:02,922 - __main__ - INFO - Executando ciclo de reflexão
2025-04-30 22:19:02,392 - __main__ - INFO - Executando ciclo de reflexão
2025-04-30 22:19:02,938 - __main__ - INFO - Executando ciclo de reflexão
2025-04-30 22:20:02,407 - __main__ - INFO - Executando ciclo de reflexão
2025-04-30 22:20:02,948 - __main__ - INFO - Executando ciclo de reflexão
2025-04-30 22:21:02,413 - __main__ - INFO - Executando ciclo de reflexão
2025-04-30 22:21:02,960 - __main__ - INFO - Executando ciclo de reflexão
2025-04-30 22:22:02,419 - __main__ - INFO - Executando ciclo de reflexão
2025-04-30 22:22:02,964 - __main__ - INFO - Executando ciclo de reflexão
2025-04-30 22:23:02,434 - __main__ - INFO - Executando ciclo de reflexão
2025-04-30 22:23:02,966 - __main__ - INFO - Executando ciclo de reflexão
2025-04-30 22:24:02,448 - __main__ - INFO - Executando ciclo de reflexão
2025-04-30 22:24:02,977 - __main__ - INFO - Executando ciclo de reflexão
2025-04-30 22:25:02,455 - __main__ - INFO - Executando ciclo de reflexão
2025-04-30 22:25:02,986 - __main__ - INFO - Executando ciclo de reflexão
2025-04-30 22:25:31,017 - werkzeug - INFO -  * Detected change in 'D:\\Projetos\\ProjetoAlma\\test_avancado.py', reloading
2025-04-30 22:25:31,101 - werkzeug - INFO -  * Restarting with stat
2025-04-30 22:25:31,664 - __main__ - INFO - Carregadas 3 memórias
2025-04-30 22:25:31,665 - __main__ - INFO - Persona inicializada
2025-04-30 22:25:31,665 - __main__ - INFO - Alma inicializada
2025-04-30 22:25:31,667 - __main__ - INFO - Executando ciclo de reflexão
2025-04-30 22:25:31,694 - werkzeug - WARNING -  * Debugger is active!
2025-04-30 22:25:31,699 - werkzeug - INFO -  * Debugger PIN: 568-867-801
2025-04-30 22:26:02,465 - __main__ - INFO - Executando ciclo de reflexão
2025-04-30 22:26:31,677 - __main__ - INFO - Executando ciclo de reflexão
2025-04-30 22:27:02,473 - __main__ - INFO - Executando ciclo de reflexão
2025-04-30 22:27:31,685 - __main__ - INFO - Executando ciclo de reflexão
2025-04-30 22:27:49,319 - app - INFO - Carregadas 3 memórias
2025-04-30 22:27:49,319 - app - INFO - Persona inicializada
2025-04-30 22:27:49,320 - app - INFO - Alma inicializada
2025-04-30 22:27:49,322 - app - INFO - Memórias salvas com sucesso
2025-04-30 22:27:49,322 - app - INFO - Memória adicionada: ID 4
2025-04-30 22:28:02,349 - werkzeug - INFO -  * Detected change in 'D:\\Projetos\\ProjetoAlma\\test_avancado.py', reloading
2025-04-30 22:28:02,413 - werkzeug - INFO -  * Restarting with stat
2025-04-30 22:28:02,480 - __main__ - INFO - Executando ciclo de reflexão
2025-04-30 22:28:02,865 - __main__ - INFO - Carregadas 4 memórias
2025-04-30 22:28:02,866 - __main__ - INFO - Persona inicializada
2025-04-30 22:28:02,866 - __main__ - INFO - Alma inicializada
2025-04-30 22:28:02,868 - __main__ - INFO - Executando ciclo de reflexão
2025-04-30 22:28:02,869 - __main__ - INFO - Memória 4 processada
2025-04-30 22:28:02,870 - __main__ - INFO - Memórias salvas com sucesso
2025-04-30 22:28:02,895 - werkzeug - WARNING -  * Debugger is active!
2025-04-30 22:28:02,899 - werkzeug - INFO -  * Debugger PIN: 568-867-801
2025-04-30 22:28:04,298 - app - INFO - Carregadas 4 memórias
2025-04-30 22:28:04,299 - app - INFO - Persona inicializada
2025-04-30 22:28:04,299 - app - INFO - Alma inicializada
2025-04-30 22:28:04,301 - app - INFO - Memórias salvas com sucesso
2025-04-30 22:28:04,301 - app - INFO - Memória adicionada: ID 5
2025-04-30 22:28:05,304 - app - INFO - Memórias salvas com sucesso
2025-04-30 22:28:05,304 - app - INFO - Memória adicionada: ID 6
2025-04-30 22:28:06,311 - app - INFO - Memórias salvas com sucesso
2025-04-30 22:28:06,312 - app - INFO - Memória adicionada: ID 7
2025-04-30 22:28:07,329 - app - INFO - Memórias salvas com sucesso
2025-04-30 22:28:07,329 - app - INFO - Memória adicionada: ID 8
2025-04-30 22:28:08,341 - app - INFO - Memórias salvas com sucesso
2025-04-30 22:28:08,341 - app - INFO - Memória adicionada: ID 9
2025-04-30 22:28:35,360 - werkzeug - INFO -  * Detected change in 'D:\\Projetos\\ProjetoAlma\\test_avancado.py', reloading
2025-04-30 22:28:35,422 - werkzeug - INFO -  * Restarting with stat
2025-04-30 22:28:35,864 - __main__ - INFO - Carregadas 9 memórias
2025-04-30 22:28:35,865 - __main__ - INFO - Persona inicializada
2025-04-30 22:28:35,865 - __main__ - INFO - Alma inicializada
2025-04-30 22:28:35,868 - __main__ - INFO - Executando ciclo de reflexão
2025-04-30 22:28:35,869 - __main__ - INFO - Memória 5 processada
2025-04-30 22:28:35,869 - __main__ - INFO - Memória 6 processada
2025-04-30 22:28:35,869 - __main__ - INFO - Memória 7 processada
2025-04-30 22:28:35,870 - __main__ - INFO - Memória 8 processada
2025-04-30 22:28:35,870 - __main__ - INFO - Memória 9 processada
2025-04-30 22:28:35,874 - __main__ - INFO - Memórias salvas com sucesso
2025-04-30 22:28:35,896 - werkzeug - WARNING -  * Debugger is active!
2025-04-30 22:28:35,900 - werkzeug - INFO -  * Debugger PIN: 568-867-801
2025-04-30 22:28:39,622 - app - INFO - Carregadas 9 memórias
2025-04-30 22:28:39,623 - app - INFO - Persona inicializada
2025-04-30 22:28:39,623 - app - INFO - Alma inicializada
2025-04-30 22:28:39,625 - app - INFO - Memórias salvas com sucesso
2025-04-30 22:28:39,626 - app - INFO - Memória adicionada: ID 10
2025-04-30 22:28:40,637 - app - INFO - Memórias salvas com sucesso
2025-04-30 22:28:40,637 - app - INFO - Memória adicionada: ID 11
2025-04-30 22:28:41,643 - app - INFO - Memórias salvas com sucesso
2025-04-30 22:28:41,643 - app - INFO - Memória adicionada: ID 12
2025-04-30 22:28:42,652 - app - INFO - Memórias salvas com sucesso
2025-04-30 22:28:42,652 - app - INFO - Memória adicionada: ID 13
2025-04-30 22:28:43,664 - app - INFO - Memórias salvas com sucesso
2025-04-30 22:28:43,664 - app - INFO - Memória adicionada: ID 14
2025-04-30 22:28:44,681 - app - INFO - Executando ciclo de reflexão
2025-04-30 22:28:44,682 - app - INFO - Memória 10 processada
2025-04-30 22:28:44,682 - app - INFO - Memória 11 processada
2025-04-30 22:28:44,683 - app - INFO - Memória 12 processada
2025-04-30 22:28:44,684 - app - INFO - Memória 13 processada
2025-04-30 22:28:44,684 - app - INFO - Memória 14 processada
2025-04-30 22:28:44,687 - app - INFO - Memórias salvas com sucesso
2025-04-30 22:28:44,691 - app - INFO - Memórias salvas com sucesso
2025-04-30 22:28:44,693 - app - INFO - Memória adicionada: ID 15
2025-04-30 22:28:45,704 - app - INFO - Memórias salvas com sucesso
2025-04-30 22:28:45,705 - app - INFO - Memória adicionada: ID 16
2025-04-30 22:28:46,714 - app - INFO - Memórias salvas com sucesso
2025-04-30 22:28:46,715 - app - INFO - Memória adicionada: ID 17
2025-04-30 22:28:47,734 - app - INFO - Memórias salvas com sucesso
2025-04-30 22:28:47,735 - app - INFO - Memória adicionada: ID 18
2025-04-30 22:28:48,742 - app - INFO - Memórias salvas com sucesso
2025-04-30 22:28:48,743 - app - INFO - Memória adicionada: ID 19
2025-04-30 22:28:49,757 - app - INFO - Executando ciclo de reflexão
2025-04-30 22:28:49,757 - app - INFO - Memória 15 processada
2025-04-30 22:28:49,758 - app - INFO - Memória 16 processada
2025-04-30 22:28:49,759 - app - INFO - Memória 17 processada
2025-04-30 22:28:49,760 - app - INFO - Memória 18 processada
2025-04-30 22:28:49,760 - app - INFO - Memória 19 processada
2025-04-30 22:28:49,763 - app - INFO - Memórias salvas com sucesso
2025-04-30 22:28:51,773 - app - INFO - Executando ciclo de reflexão
2025-04-30 22:28:53,774 - app - INFO - Executando ciclo de reflexão
2025-04-30 22:28:55,780 - app - INFO - Executando ciclo de reflexão
2025-04-30 22:28:57,786 - app - INFO - Executando ciclo de reflexão
2025-04-30 22:29:02,492 - __main__ - INFO - Executando ciclo de reflexão
2025-04-30 22:29:26,630 - werkzeug - INFO -  * Detected change in 'D:\\Projetos\\ProjetoAlma\\test_avancado.py', reloading
2025-04-30 22:29:26,679 - werkzeug - INFO -  * Restarting with stat
2025-04-30 22:29:27,126 - __main__ - INFO - Carregadas 19 memórias
2025-04-30 22:29:27,127 - __main__ - INFO - Persona inicializada
2025-04-30 22:29:27,127 - __main__ - INFO - Alma inicializada
2025-04-30 22:29:27,130 - __main__ - INFO - Executando ciclo de reflexão
2025-04-30 22:29:27,155 - werkzeug - WARNING -  * Debugger is active!
2025-04-30 22:29:27,159 - werkzeug - INFO -  * Debugger PIN: 568-867-801
2025-04-30 22:29:34,752 - app - INFO - Carregadas 19 memórias
2025-04-30 22:29:34,752 - app - INFO - Persona inicializada
2025-04-30 22:29:34,752 - app - INFO - Alma inicializada
2025-04-30 22:29:34,755 - app - INFO - Memórias salvas com sucesso
2025-04-30 22:29:34,755 - app - INFO - Memória adicionada: ID 20
2025-04-30 22:29:35,760 - app - INFO - Memórias salvas com sucesso
2025-04-30 22:29:35,761 - app - INFO - Memória adicionada: ID 21
2025-04-30 22:29:36,769 - app - INFO - Memórias salvas com sucesso
2025-04-30 22:29:36,769 - app - INFO - Memória adicionada: ID 22
2025-04-30 22:29:37,777 - app - INFO - Memórias salvas com sucesso
2025-04-30 22:29:37,778 - app - INFO - Memória adicionada: ID 23
2025-04-30 22:29:38,785 - app - INFO - Memórias salvas com sucesso
2025-04-30 22:29:38,786 - app - INFO - Memória adicionada: ID 24
2025-04-30 22:29:39,795 - app - INFO - Executando ciclo de reflexão
2025-04-30 22:29:39,796 - app - INFO - Memória 20 processada
2025-04-30 22:29:39,796 - app - INFO - Memória 21 processada
2025-04-30 22:29:39,797 - app - INFO - Memória 22 processada
2025-04-30 22:29:39,798 - app - INFO - Memória 23 processada
2025-04-30 22:29:39,799 - app - INFO - Memória 24 processada
2025-04-30 22:29:39,802 - app - INFO - Memórias salvas com sucesso
2025-04-30 22:29:39,808 - app - INFO - Memórias salvas com sucesso
2025-04-30 22:29:39,809 - app - INFO - Memória adicionada: ID 25
2025-04-30 22:29:40,824 - app - INFO - Memórias salvas com sucesso
2025-04-30 22:29:40,825 - app - INFO - Memória adicionada: ID 26
2025-04-30 22:29:41,832 - app - INFO - Memórias salvas com sucesso
2025-04-30 22:29:41,832 - app - INFO - Memória adicionada: ID 27
2025-04-30 22:29:42,840 - app - INFO - Memórias salvas com sucesso
2025-04-30 22:29:42,840 - app - INFO - Memória adicionada: ID 28
2025-04-30 22:29:43,856 - app - INFO - Memórias salvas com sucesso
2025-04-30 22:29:43,857 - app - INFO - Memória adicionada: ID 29
2025-04-30 22:29:44,860 - app - INFO - Executando ciclo de reflexão
2025-04-30 22:29:44,861 - app - INFO - Memória 25 processada
2025-04-30 22:29:44,861 - app - INFO - Memória 26 processada
2025-04-30 22:29:44,862 - app - INFO - Memória 27 processada
2025-04-30 22:29:44,862 - app - INFO - Memória 28 processada
2025-04-30 22:29:44,863 - app - INFO - Memória 29 processada
2025-04-30 22:29:44,865 - app - INFO - Memórias salvas com sucesso
2025-04-30 22:29:46,879 - app - INFO - Executando ciclo de reflexão
2025-04-30 22:29:48,888 - app - INFO - Executando ciclo de reflexão
2025-04-30 22:29:50,895 - app - INFO - Executando ciclo de reflexão
2025-04-30 22:29:52,901 - app - INFO - Executando ciclo de reflexão
2025-04-30 22:30:02,500 - __main__ - INFO - Executando ciclo de reflexão
2025-04-30 22:30:27,131 - __main__ - INFO - Executando ciclo de reflexão
2025-04-30 22:31:02,504 - __main__ - INFO - Executando ciclo de reflexão
2025-04-30 22:31:27,140 - __main__ - INFO - Executando ciclo de reflexão
2025-04-30 22:32:02,517 - __main__ - INFO - Executando ciclo de reflexão
2025-04-30 22:32:27,153 - __main__ - INFO - Executando ciclo de reflexão
2025-04-30 22:33:02,525 - __main__ - INFO - Executando ciclo de reflexão
2025-04-30 22:33:27,159 - __main__ - INFO - Executando ciclo de reflexão
2025-04-30 22:34:02,541 - __main__ - INFO - Executando ciclo de reflexão
2025-04-30 22:34:27,171 - __main__ - INFO - Executando ciclo de reflexão
2025-04-30 22:35:02,552 - __main__ - INFO - Executando ciclo de reflexão
2025-04-30 22:35:27,187 - __main__ - INFO - Executando ciclo de reflexão
2025-04-30 22:36:02,559 - __main__ - INFO - Executando ciclo de reflexão
2025-04-30 22:36:27,198 - __main__ - INFO - Executando ciclo de reflexão
2025-04-30 22:37:02,566 - __main__ - INFO - Executando ciclo de reflexão
2025-04-30 22:37:27,206 - __main__ - INFO - Executando ciclo de reflexão
2025-04-30 22:38:02,580 - __main__ - INFO - Executando ciclo de reflexão
2025-04-30 22:38:27,212 - __main__ - INFO - Executando ciclo de reflexão
2025-04-30 22:39:02,595 - __main__ - INFO - Executando ciclo de reflexão
2025-04-30 22:39:27,224 - __main__ - INFO - Executando ciclo de reflexão
2025-04-30 22:40:02,608 - __main__ - INFO - Executando ciclo de reflexão
2025-04-30 22:40:27,233 - __main__ - INFO - Executando ciclo de reflexão
2025-04-30 22:41:02,608 - __main__ - INFO - Executando ciclo de reflexão
2025-04-30 22:41:27,247 - __main__ - INFO - Executando ciclo de reflexão
2025-04-30 22:42:02,610 - __main__ - INFO - Executando ciclo de reflexão
2025-04-30 22:42:27,252 - __main__ - INFO - Executando ciclo de reflexão
2025-04-30 22:43:02,615 - __main__ - INFO - Executando ciclo de reflexão
2025-04-30 22:43:27,260 - __main__ - INFO - Executando ciclo de reflexão
2025-04-30 22:44:02,624 - __main__ - INFO - Executando ciclo de reflexão
2025-04-30 22:44:27,262 - __main__ - INFO - Executando ciclo de reflexão
2025-04-30 22:45:02,638 - __main__ - INFO - Executando ciclo de reflexão
2025-04-30 22:45:27,269 - __main__ - INFO - Executando ciclo de reflexão
2025-04-30 22:46:02,642 - __main__ - INFO - Executando ciclo de reflexão
2025-04-30 22:46:27,285 - __main__ - INFO - Executando ciclo de reflexão
2025-04-30 22:47:02,645 - __main__ - INFO - Executando ciclo de reflexão
2025-04-30 22:47:27,300 - __main__ - INFO - Executando ciclo de reflexão
2025-04-30 22:47:54,728 - werkzeug - INFO -  * Detected change in 'D:\\Projetos\\ProjetoAlma\\test_agentes.py', reloading
2025-04-30 22:47:54,787 - werkzeug - INFO -  * Restarting with stat
2025-04-30 22:47:55,996 - __main__ - INFO - Carregadas 29 memórias
2025-04-30 22:47:55,997 - __main__ - INFO - Persona inicializada
2025-04-30 22:47:55,997 - __main__ - INFO - Alma inicializada
2025-04-30 22:47:56,000 - __main__ - INFO - Executando ciclo de reflexão
2025-04-30 22:47:56,058 - werkzeug - WARNING -  * Debugger is active!
2025-04-30 22:47:56,062 - werkzeug - INFO -  * Debugger PIN: 568-867-801
2025-04-30 22:47:58,229 - app - INFO - Carregadas 29 memórias
2025-04-30 22:47:58,230 - app - INFO - Persona inicializada
2025-04-30 22:47:58,230 - app - INFO - Alma inicializada
2025-04-30 22:47:58,233 - app - INFO - Memórias salvas com sucesso
2025-04-30 22:47:58,233 - app - INFO - Memória adicionada: ID 30
2025-04-30 22:47:58,748 - app - INFO - Memórias salvas com sucesso
2025-04-30 22:47:58,748 - app - INFO - Memória adicionada: ID 31
2025-04-30 22:47:59,257 - app - INFO - Memórias salvas com sucesso
2025-04-30 22:47:59,257 - app - INFO - Memória adicionada: ID 32
2025-04-30 22:47:59,774 - app - INFO - Memórias salvas com sucesso
2025-04-30 22:47:59,775 - app - INFO - Memória adicionada: ID 33
2025-04-30 22:48:00,285 - app - INFO - Memórias salvas com sucesso
2025-04-30 22:48:00,286 - app - INFO - Memória adicionada: ID 34
2025-04-30 22:48:02,653 - __main__ - INFO - Executando ciclo de reflexão
2025-04-30 22:48:14,320 - werkzeug - INFO -  * Detected change in 'D:\\Projetos\\ProjetoAlma\\test_agentes.py', reloading
2025-04-30 22:48:14,381 - werkzeug - INFO -  * Restarting with stat
2025-04-30 22:48:14,851 - __main__ - INFO - Carregadas 34 memórias
2025-04-30 22:48:14,851 - __main__ - INFO - Persona inicializada
2025-04-30 22:48:14,852 - __main__ - INFO - Alma inicializada
2025-04-30 22:48:14,854 - __main__ - INFO - Executando ciclo de reflexão
2025-04-30 22:48:14,855 - __main__ - INFO - Memória 30 processada
2025-04-30 22:48:14,855 - __main__ - INFO - Memória 31 processada
2025-04-30 22:48:14,856 - __main__ - INFO - Memória 32 processada
2025-04-30 22:48:14,856 - __main__ - INFO - Memória 33 processada
2025-04-30 22:48:14,857 - __main__ - INFO - Memória 34 processada
2025-04-30 22:48:14,859 - __main__ - INFO - Memórias salvas com sucesso
2025-04-30 22:48:14,883 - werkzeug - WARNING -  * Debugger is active!
2025-04-30 22:48:14,888 - werkzeug - INFO -  * Debugger PIN: 568-867-801
2025-04-30 22:48:17,541 - app - INFO - Carregadas 34 memórias
2025-04-30 22:48:17,542 - app - INFO - Persona inicializada
2025-04-30 22:48:17,542 - app - INFO - Alma inicializada
2025-04-30 22:48:17,545 - app - INFO - Memórias salvas com sucesso
2025-04-30 22:48:17,545 - app - INFO - Memória adicionada: ID 35
2025-04-30 22:48:18,056 - app - INFO - Memórias salvas com sucesso
2025-04-30 22:48:18,056 - app - INFO - Memória adicionada: ID 36
2025-04-30 22:48:18,569 - app - INFO - Memórias salvas com sucesso
2025-04-30 22:48:18,569 - app - INFO - Memória adicionada: ID 37
2025-04-30 22:48:19,085 - app - INFO - Memórias salvas com sucesso
2025-04-30 22:48:19,085 - app - INFO - Memória adicionada: ID 38
2025-04-30 22:48:19,594 - app - INFO - Memórias salvas com sucesso
2025-04-30 22:48:19,594 - app - INFO - Memória adicionada: ID 39
2025-04-30 22:48:52,391 - werkzeug - INFO -  * Detected change in 'D:\\Projetos\\ProjetoAlma\\test_agentes.py', reloading
2025-04-30 22:48:52,449 - werkzeug - INFO -  * Restarting with stat
2025-04-30 22:48:52,892 - __main__ - INFO - Carregadas 39 memórias
2025-04-30 22:48:52,892 - __main__ - INFO - Persona inicializada
2025-04-30 22:48:52,893 - __main__ - INFO - Alma inicializada
2025-04-30 22:48:52,896 - __main__ - INFO - Executando ciclo de reflexão
2025-04-30 22:48:52,896 - __main__ - INFO - Memória 35 processada
2025-04-30 22:48:52,897 - __main__ - INFO - Memória 36 processada
2025-04-30 22:48:52,897 - __main__ - INFO - Memória 37 processada
2025-04-30 22:48:52,898 - __main__ - INFO - Memória 38 processada
2025-04-30 22:48:52,898 - __main__ - INFO - Memória 39 processada
2025-04-30 22:48:52,902 - __main__ - INFO - Memórias salvas com sucesso
2025-04-30 22:48:52,923 - werkzeug - WARNING -  * Debugger is active!
2025-04-30 22:48:52,927 - werkzeug - INFO -  * Debugger PIN: 568-867-801
2025-04-30 22:49:00,781 - app - INFO - Carregadas 39 memórias
2025-04-30 22:49:00,782 - app - INFO - Persona inicializada
2025-04-30 22:49:00,782 - app - INFO - Alma inicializada
2025-04-30 22:49:00,785 - app - INFO - Memórias salvas com sucesso
2025-04-30 22:49:00,786 - app - INFO - Memória adicionada: ID 40
2025-04-30 22:49:01,302 - app - INFO - Memórias salvas com sucesso
2025-04-30 22:49:01,303 - app - INFO - Memória adicionada: ID 41
2025-04-30 22:49:01,816 - app - INFO - Memórias salvas com sucesso
2025-04-30 22:49:01,817 - app - INFO - Memória adicionada: ID 42
2025-04-30 22:49:02,325 - app - INFO - Memórias salvas com sucesso
2025-04-30 22:49:02,325 - app - INFO - Memória adicionada: ID 43
2025-04-30 22:49:02,664 - __main__ - INFO - Executando ciclo de reflexão
2025-04-30 22:49:02,840 - app - INFO - Memórias salvas com sucesso
2025-04-30 22:49:02,840 - app - INFO - Memória adicionada: ID 44
2025-04-30 22:49:36,550 - werkzeug - INFO -  * Detected change in 'D:\\Projetos\\ProjetoAlma\\app.py', reloading
2025-04-30 22:49:36,631 - werkzeug - INFO -  * Restarting with stat
2025-04-30 22:49:37,099 - __main__ - INFO - Carregadas 44 memórias
2025-04-30 22:49:37,099 - __main__ - INFO - Persona inicializada
2025-04-30 22:49:37,100 - __main__ - INFO - Alma inicializada
2025-04-30 22:49:37,103 - __main__ - INFO - Executando ciclo de reflexão
2025-04-30 22:49:37,103 - __main__ - INFO - Memória 40 processada
2025-04-30 22:49:37,104 - __main__ - INFO - Memória 41 processada
2025-04-30 22:49:37,104 - __main__ - INFO - Memória 42 processada
2025-04-30 22:49:37,104 - __main__ - INFO - Memória 43 processada
2025-04-30 22:49:37,105 - __main__ - INFO - Memória 44 processada
2025-04-30 22:49:37,107 - __main__ - INFO - Memórias salvas com sucesso
2025-04-30 22:49:37,130 - werkzeug - WARNING -  * Debugger is active!
2025-04-30 22:49:37,134 - werkzeug - INFO -  * Debugger PIN: 568-867-801
2025-04-30 22:49:40,657 - app - INFO - Carregadas 44 memórias
2025-04-30 22:49:40,657 - app - INFO - Persona inicializada
2025-04-30 22:49:40,658 - app - INFO - Alma inicializada
2025-04-30 22:49:40,662 - app - INFO - Memórias salvas com sucesso
2025-04-30 22:49:40,662 - app - INFO - Memória adicionada: ID 45
2025-04-30 22:49:41,175 - app - INFO - Memórias salvas com sucesso
2025-04-30 22:49:41,175 - app - INFO - Memória adicionada: ID 46
2025-04-30 22:49:41,687 - app - INFO - Memórias salvas com sucesso
2025-04-30 22:49:41,688 - app - INFO - Memória adicionada: ID 47
2025-04-30 22:49:42,204 - app - INFO - Memórias salvas com sucesso
2025-04-30 22:49:42,204 - app - INFO - Memória adicionada: ID 48
2025-04-30 22:49:42,717 - app - INFO - Memórias salvas com sucesso
2025-04-30 22:49:42,718 - app - INFO - Memória adicionada: ID 49
2025-04-30 22:50:02,666 - __main__ - INFO - Executando ciclo de reflexão
2025-04-30 22:50:06,519 - werkzeug - INFO -  * Detected change in 'D:\\Projetos\\ProjetoAlma\\test_agentes.py', reloading
2025-04-30 22:50:06,591 - werkzeug - INFO -  * Restarting with stat
2025-04-30 22:50:07,057 - __main__ - INFO - Carregadas 49 memórias
2025-04-30 22:50:07,057 - __main__ - INFO - Persona inicializada
2025-04-30 22:50:07,058 - __main__ - INFO - Alma inicializada
2025-04-30 22:50:07,061 - __main__ - INFO - Executando ciclo de reflexão
2025-04-30 22:50:07,062 - __main__ - INFO - Memória 45 processada
2025-04-30 22:50:07,062 - __main__ - INFO - Memória 46 processada
2025-04-30 22:50:07,063 - __main__ - INFO - Memória 47 processada
2025-04-30 22:50:07,063 - __main__ - INFO - Memória 48 processada
2025-04-30 22:50:07,063 - __main__ - INFO - Memória 49 processada
2025-04-30 22:50:07,066 - __main__ - INFO - Memórias salvas com sucesso
2025-04-30 22:50:07,090 - werkzeug - WARNING -  * Debugger is active!
2025-04-30 22:50:07,095 - werkzeug - INFO -  * Debugger PIN: 568-867-801
2025-04-30 22:50:11,342 - app - INFO - Carregadas 49 memórias
2025-04-30 22:50:11,343 - app - INFO - Persona inicializada
2025-04-30 22:50:11,343 - app - INFO - Alma inicializada
2025-04-30 22:50:11,346 - app - INFO - Memórias salvas com sucesso
2025-04-30 22:50:11,347 - app - INFO - Memória adicionada: ID 50
2025-04-30 22:50:11,864 - app - INFO - Memórias salvas com sucesso
2025-04-30 22:50:11,865 - app - INFO - Memória adicionada: ID 51
2025-04-30 22:50:12,379 - app - INFO - Memórias salvas com sucesso
2025-04-30 22:50:12,381 - app - INFO - Memória adicionada: ID 52
2025-04-30 22:50:12,889 - app - INFO - Memórias salvas com sucesso
2025-04-30 22:50:12,889 - app - INFO - Memória adicionada: ID 53
2025-04-30 22:50:13,401 - app - INFO - Memórias salvas com sucesso
2025-04-30 22:50:13,401 - app - INFO - Memória adicionada: ID 54
2025-04-30 22:50:13,920 - app - INFO - Executando ciclo de reflexão
2025-04-30 22:50:13,921 - app - INFO - Memória 50 processada
2025-04-30 22:50:13,922 - app - INFO - Memória 51 processada
2025-04-30 22:50:13,922 - app - INFO - Memória 52 processada
2025-04-30 22:50:13,923 - app - INFO - Memória 53 processada
2025-04-30 22:50:13,924 - app - INFO - Memória 54 processada
2025-04-30 22:50:13,930 - app - INFO - Memórias salvas com sucesso
2025-04-30 22:50:13,932 - app - INFO - Executando ciclo de reflexão
2025-04-30 22:50:14,945 - app - INFO - Executando ciclo de reflexão
2025-04-30 22:50:15,946 - app - INFO - Executando ciclo de reflexão
2025-04-30 22:51:02,669 - __main__ - INFO - Executando ciclo de reflexão
2025-04-30 22:51:07,071 - __main__ - INFO - Executando ciclo de reflexão
2025-04-30 22:52:02,684 - __main__ - INFO - Executando ciclo de reflexão
2025-04-30 22:52:07,081 - __main__ - INFO - Executando ciclo de reflexão
2025-04-30 22:53:02,687 - __main__ - INFO - Executando ciclo de reflexão
2025-04-30 22:53:07,097 - __main__ - INFO - Executando ciclo de reflexão
2025-04-30 22:54:02,692 - __main__ - INFO - Executando ciclo de reflexão
2025-04-30 22:54:07,105 - __main__ - INFO - Executando ciclo de reflexão
2025-04-30 22:55:02,701 - __main__ - INFO - Executando ciclo de reflexão
2025-04-30 22:55:07,116 - __main__ - INFO - Executando ciclo de reflexão
2025-04-30 22:56:02,705 - __main__ - INFO - Executando ciclo de reflexão
2025-04-30 22:56:07,118 - __main__ - INFO - Executando ciclo de reflexão
2025-04-30 22:57:02,715 - __main__ - INFO - Executando ciclo de reflexão
2025-04-30 22:57:07,131 - __main__ - INFO - Executando ciclo de reflexão
2025-04-30 22:58:02,720 - __main__ - INFO - Executando ciclo de reflexão
2025-04-30 22:58:07,138 - __main__ - INFO - Executando ciclo de reflexão
2025-04-30 22:59:02,732 - __main__ - INFO - Executando ciclo de reflexão
2025-04-30 22:59:07,140 - __main__ - INFO - Executando ciclo de reflexão
